e:\visual studio\project\computer programing\computer programing\debug\vc120.pdb
e:\visual studio\project\computer programing\computer programing\debug\vc120.idb
e:\visual studio\project\computer programing\computer programing\debug\2darray.obj
e:\visual studio\project\computer programing\computer programing\debug\assignment2.obj
e:\visual studio\project\computer programing\computer programing\debug\bakkar.obj
e:\visual studio\project\computer programing\computer programing\debug\ehtisham.obj
e:\visual studio\project\computer programing\computer programing\debug\fraction.obj
e:\visual studio\project\computer programing\computer programing\debug\lab-8.obj
e:\visual studio\project\computer programing\computer programing\debug\lab15datetask.obj
e:\visual studio\project\computer programing\computer programing\debug\lab22-11.obj
e:\visual studio\project\computer programing\computer programing\debug\lab3.obj
e:\visual studio\project\computer programing\computer programing\debug\labtask_recursion.obj
e:\visual studio\project\computer programing\computer programing\debug\munim.obj
e:\visual studio\project\computer programing\computer programing\debug\operators assignment.obj
e:\visual studio\project\computer programing\computer programing\debug\practice.obj
e:\visual studio\project\computer programing\computer programing\debug\quiz2.obj
e:\visual studio\project\computer programing\computer programing\debug\templates.obj
e:\visual studio\project\computer programing\computer programing\debug\assignment4.obj
e:\visual studio\project\computer programing\debug\computer programing.pdb
e:\visual studio\project\computer programing\computer programing\debug\computer.5487bd68.tlog\cl.command.1.tlog
e:\visual studio\project\computer programing\computer programing\debug\computer.5487bd68.tlog\cl.read.1.tlog
e:\visual studio\project\computer programing\computer programing\debug\computer.5487bd68.tlog\cl.write.1.tlog
e:\visual studio\project\computer programing\computer programing\debug\computer.5487bd68.tlog\link-cvtres.read.1.tlog
e:\visual studio\project\computer programing\computer programing\debug\computer.5487bd68.tlog\link-cvtres.write.1.tlog
e:\visual studio\project\computer programing\computer programing\debug\computer.5487bd68.tlog\link-rc.read.1.tlog
e:\visual studio\project\computer programing\computer programing\debug\computer.5487bd68.tlog\link-rc.write.1.tlog
e:\visual studio\project\computer programing\computer programing\debug\computer.5487bd68.tlog\link.11868-cvtres.read.1.tlog
e:\visual studio\project\computer programing\computer programing\debug\computer.5487bd68.tlog\link.11868-cvtres.write.1.tlog
e:\visual studio\project\computer programing\computer programing\debug\computer.5487bd68.tlog\link.11868-rc.read.1.tlog
e:\visual studio\project\computer programing\computer programing\debug\computer.5487bd68.tlog\link.11868-rc.write.1.tlog
e:\visual studio\project\computer programing\computer programing\debug\computer.5487bd68.tlog\link.11868.read.1.tlog
e:\visual studio\project\computer programing\computer programing\debug\computer.5487bd68.tlog\link.11868.write.1.tlog
e:\visual studio\project\computer programing\computer programing\debug\computer.5487bd68.tlog\link.command.1.tlog
e:\visual studio\project\computer programing\computer programing\debug\computer.5487bd68.tlog\link.read.1.tlog
e:\visual studio\project\computer programing\computer programing\debug\computer.5487bd68.tlog\link.write.1.tlog
