Build started 5/3/2017 7:42:13 AM.
     1>Project "E:\visual studio\project\data structure\data structure\data structure.vcxproj" on node 2 (Build target(s)).
     1>ClCompile:
         C:\Program Files (x86)\Microsoft Visual Studio 12.0\VC\bin\CL.exe /c /ZI /nologo /W3 /WX- /sdl /Od /Oy- /D WIN32 /D _DEBUG /D _CONSOLE /D _LIB /D _UNICODE /D UNICODE /Gm /EHsc /RTC1 /MDd /GS /fp:precise /Zc:wchar_t /Zc:forScope /Fo"Debug\\" /Fd"Debug\vc120.pdb" /Gd /TP /analyze- /errorReport:prompt CBT.cpp
         CBT.cpp
     1>e:\visual studio\project\data structure\data structure\cbt.cpp(96): warning C4805: '==' : unsafe mix of type 'int' and type 'bool' in operation
     1>e:\visual studio\project\data structure\data structure\cbt.cpp(101): warning C4805: '==' : unsafe mix of type 'int' and type 'bool' in operation
       Link:
         C:\Program Files (x86)\Microsoft Visual Studio 12.0\VC\bin\link.exe /ERRORREPORT:PROMPT /OUT:"E:\visual studio\project\data structure\Debug\data structure.exe" /INCREMENTAL /NOLOGO kernel32.lib user32.lib gdi32.lib winspool.lib comdlg32.lib advapi32.lib shell32.lib ole32.lib oleaut32.lib uuid.lib odbc32.lib odbccp32.lib /MANIFEST /MANIFESTUAC:"level='asInvoker' uiAccess='false'" /manifest:embed /DEBUG /PDB:"E:\visual studio\project\data structure\Debug\data structure.pdb" /SUBSYSTEM:CONSOLE /TLBID:1 /DYNAMICBASE /NXCOMPAT /IMPLIB:"E:\visual studio\project\data structure\Debug\data structure.lib" /MACHINE:X86 "Debug\array-base-list.obj"
         Debug\AVL.obj
         "Debug\binary tree.obj"
         Debug\CBT.obj
         Debug\circularlinklist.obj
         Debug\dubblylinklist.obj
         Debug\islamquestion.obj
         Debug\linklist.obj
         Debug\pointers.obj
         Debug\queue.obj
         Debug\recursion.obj
         Debug\stack+array.obj
         data structure.vcxproj -> E:\visual studio\project\data structure\Debug\data structure.exe
     1>Done Building Project "E:\visual studio\project\data structure\data structure\data structure.vcxproj" (Build target(s)).

Build succeeded.

Time Elapsed 00:00:00.73
